#
# There is insufficient memory for the Java Runtime Environment to continue.
# Native memory allocation (malloc) failed to allocate 1315616 bytes for Chunk::new
# Possible reasons:
#   The system is out of physical RAM or swap space
#   The process is running with CompressedOops enabled, and the Java Heap may be blocking the growth of the native heap
# Possible solutions:
#   Reduce memory load on the system
#   Increase physical memory or swap space
#   Check if swap backing store is full
#   Decrease Java heap size (-Xmx/-Xms)
#   Decrease number of Java threads
#   Decrease Java thread stack sizes (-Xss)
#   Set larger code cache with -XX:ReservedCodeCacheSize=
#   JVM is running with Unscaled Compressed Oops mode in which the Java heap is
#     placed in the first 4GB address space. The Java Heap base address is the
#     maximum limit for the native heap growth. Please use -XX:HeapBaseMinAddress
#     to set the Java Heap base and to place the Java Heap above 4GB virtual address.
# This output file may be truncated or incomplete.
#
#  Out of Memory Error (arena.cpp:184), pid=13704, tid=28256
#
# JRE version: Java(TM) SE Runtime Environment (20.0.1+9) (build 20.0.1+9-29)
# Java VM: Java HotSpot(TM) 64-Bit Server VM (20.0.1+9-29, mixed mode, sharing, tiered, compressed oops, compressed class ptrs, g1 gc, windows-amd64)
# No core dump will be written. Minidumps are not enabled by default on client versions of Windows
#

---------------  S U M M A R Y ------------

Command Line: -Dfile.encoding=UTF-8 -Dstdout.encoding=UTF-8 -Dstderr.encoding=UTF-8 --module-path=C:\Users\vedja\eclipse-workspace\BankManagementSystem\bin;C:\Users\vedja\Downloads\mysql-connector-j-9.0.0\mysql-connector-j-9.0.0\mysql-connector-j-9.0.0.jar;C:\Users\vedja\Downloads\jcalendar-tz-1.3.3-4.jar -XX:+ShowCodeDetailsInExceptionMessages -Djdk.module.main=BankManagementSystem BankManagementSystem/bms.SignUp3

Host: AMD Ryzen 5 5600H with Radeon Graphics         , 12 cores, 7G,  Windows 11 , 64 bit Build 26100 (10.0.26100.3037)
Time: Tue Feb 25 23:45:24 2025 India Standard Time elapsed time: 4.163233 seconds (0d 0h 0m 4s)

---------------  T H R E A D  ---------------

Current thread (0x0000013b7997f4b0):  JavaThread "C2 CompilerThread0" daemon [_thread_in_native, id=28256, stack(0x00000038af000000,0x00000038af100000)]


Current CompileTask:
C2:   4163  862   !   4       sun.awt.image.PNGImageDecoder::produceImage (1917 bytes)

Stack: [0x00000038af000000,0x00000038af100000]
Native frames: (J=compiled Java code, j=interpreted, Vv=VM code, C=native code)
V  [jvm.dll+0x6bb95a]
V  [jvm.dll+0x8485fa]
V  [jvm.dll+0x84a1f5]
V  [jvm.dll+0x84a8f3]
V  [jvm.dll+0x280b0f]
V  [jvm.dll+0xc2b11]
V  [jvm.dll+0xc2e35]
V  [jvm.dll+0x3bb17c]
V  [jvm.dll+0x1e6e39]
V  [jvm.dll+0x24b3ab]
V  [jvm.dll+0x24a651]
V  [jvm.dll+0x1ce491]
V  [jvm.dll+0x259e1b]
V  [jvm.dll+0x2584f0]
V  [jvm.dll+0x3f2895]
V  [jvm.dll+0x7f4b56]
V  [jvm.dll+0x6ba5cb]
C  [ucrtbase.dll+0x37b0]
C  [KERNEL32.DLL+0x2e8d7]
C  [ntdll.dll+0xbbf2c]


---------------  P R O C E S S  ---------------

Threads class SMR info:
_java_thread_list=0x0000013b7e358c50, length=17, elements={
0x0000013b799707b0, 0x0000013b79973100, 0x0000013b79977520, 0x0000013b79973dd0,
0x0000013b79974710, 0x0000013b79975180, 0x0000013b7997f4b0, 0x0000013b799a1730,
0x0000013b7dcd08a0, 0x0000013b7de51630, 0x0000013b7e0a0ea0, 0x0000013b7e0a3eb0,
0x0000013b7e0b1e70, 0x0000013b7df3f1f0, 0x0000013b7e6c55f0, 0x0000013b040c1750,
0x0000013b5c6bbe80
}

Java Threads: ( => current thread )
  0x0000013b799707b0 JavaThread "Reference Handler" daemon [_thread_blocked, id=14632, stack(0x00000038aea00000,0x00000038aeb00000)]
  0x0000013b79973100 JavaThread "Finalizer" daemon [_thread_blocked, id=13696, stack(0x00000038aeb00000,0x00000038aec00000)]
  0x0000013b79977520 JavaThread "Signal Dispatcher" daemon [_thread_blocked, id=17500, stack(0x00000038aec00000,0x00000038aed00000)]
  0x0000013b79973dd0 JavaThread "Attach Listener" daemon [_thread_blocked, id=4724, stack(0x00000038aed00000,0x00000038aee00000)]
  0x0000013b79974710 JavaThread "Service Thread" daemon [_thread_blocked, id=26192, stack(0x00000038aee00000,0x00000038aef00000)]
  0x0000013b79975180 JavaThread "Monitor Deflation Thread" daemon [_thread_blocked, id=21184, stack(0x00000038aef00000,0x00000038af000000)]
=>0x0000013b7997f4b0 JavaThread "C2 CompilerThread0" daemon [_thread_in_native, id=28256, stack(0x00000038af000000,0x00000038af100000)]
  0x0000013b799a1730 JavaThread "C1 CompilerThread0" daemon [_thread_blocked, id=15540, stack(0x00000038af100000,0x00000038af200000)]
  0x0000013b7dcd08a0 JavaThread "Common-Cleaner" daemon [_thread_blocked, id=2528, stack(0x00000038af200000,0x00000038af300000)]
  0x0000013b7de51630 JavaThread "Notification Thread" daemon [_thread_blocked, id=15248, stack(0x00000038af500000,0x00000038af600000)]
  0x0000013b7e0a0ea0 JavaThread "Java2D Disposer" daemon [_thread_blocked, id=32548, stack(0x00000038af700000,0x00000038af800000)]
  0x0000013b7e0a3eb0 JavaThread "AWT-Shutdown" [_thread_blocked, id=23324, stack(0x00000038af800000,0x00000038af900000)]
  0x0000013b7e0b1e70 JavaThread "AWT-Windows" daemon [_thread_in_native, id=8548, stack(0x00000038af900000,0x00000038afa00000)]
  0x0000013b7df3f1f0 JavaThread "Image Fetcher 0" daemon [_thread_blocked, id=28376, stack(0x00000038b0200000,0x00000038b0300000)]
  0x0000013b7e6c55f0 JavaThread "C2 CompilerThread1" daemon [_thread_blocked, id=32540, stack(0x00000038b0300000,0x00000038b0400000)]
  0x0000013b040c1750 JavaThread "AWT-EventQueue-0" [_thread_in_native, id=4532, stack(0x00000038b0400000,0x00000038b0500000)]
  0x0000013b5c6bbe80 JavaThread "DestroyJavaVM" [_thread_blocked, id=5968, stack(0x00000038ae300000,0x00000038ae400000)]

Other Threads:
  0x0000013b79950a70 VMThread "VM Thread" [stack: 0x00000038ae900000,0x00000038aea00000] [id=19004]
  0x0000013b7de57a80 WatcherThread "VM Periodic Task Thread" [stack: 0x00000038af600000,0x00000038af700000] [id=14640]
  0x0000013b5c718ad0 WorkerThread "GC Thread#0" [stack: 0x00000038ae400000,0x00000038ae500000] [id=26832]
  0x0000013b5c7284e0 ConcurrentGCThread "G1 Main Marker" [stack: 0x00000038ae500000,0x00000038ae600000] [id=27512]
  0x0000013b5c72a520 WorkerThread "G1 Conc#0" [stack: 0x00000038ae600000,0x00000038ae700000] [id=21308]
  0x0000013b798060f0 ConcurrentGCThread "G1 Refine#0" [stack: 0x00000038ae700000,0x00000038ae800000] [id=10628]
  0x0000013b79808850 ConcurrentGCThread "G1 Service" [stack: 0x00000038ae800000,0x00000038ae900000] [id=27280]

Threads with active compile tasks:
C2 CompilerThread0     4217  862   !   4       sun.awt.image.PNGImageDecoder::produceImage (1917 bytes)

VM state: not at safepoint (normal execution)

VM Mutex/Monitor currently owned by a thread: None

Heap address: 0x000000008a800000, size: 1880 MB, Compressed Oops mode: 32-bit

CDS archive(s) mapped at: [0x0000000800000000-0x0000000800c60000-0x0000000800c60000), size 12976128, SharedBaseAddress: 0x0000000800000000, ArchiveRelocationMode: 0.
Compressed class space mapped at: 0x0000000801000000-0x0000000841000000, reserved size: 1073741824
Narrow klass base: 0x0000000800000000, Narrow klass shift: 0, Narrow klass range: 0x100000000

GC Precious Log:
 CardTable entry size: 512
 Card Set container configuration: InlinePtr #cards 5 size 8 Array Of Cards #cards 12 size 40 Howl #buckets 4 coarsen threshold 1843 Howl Bitmap #cards 512 size 80 coarsen threshold 460 Card regions per heap region 1 cards per card region 2048
 CPUs: 12 total, 12 available
 Memory: 7518M
 Large Page Support: Disabled
 NUMA Support: Disabled
 Compressed Oops: Enabled (32-bit)
 Heap Region Size: 1M
 Heap Min Capacity: 8M
 Heap Initial Capacity: 118M
 Heap Max Capacity: 1880M
 Pre-touch: Disabled
 Parallel Workers: 10
 Concurrent Workers: 3
 Concurrent Refinement Workers: 10
 Periodic GC: Disabled

Heap:
 garbage-first heap   total 120832K, used 12288K [0x000000008a800000, 0x0000000100000000)
  region size 1024K, 11 young (11264K), 0 survivors (0K)
 Metaspace       used 7021K, committed 7296K, reserved 1114112K
  class space    used 764K, committed 896K, reserved 1048576K

Heap Regions: E=young(eden), S=young(survivor), O=old, HS=humongous(starts), HC=humongous(continues), CS=collection set, F=free, OA=open archive, CA=closed archive, TAMS=top-at-mark-start, PB=parsable bottom
|   0|0x000000008a800000, 0x000000008a900000, 0x000000008a900000|100%|HS|  |TAMS 0x000000008a800000| PB 0x000000008a800000| Complete 
|   1|0x000000008a900000, 0x000000008aa00000, 0x000000008aa00000|100%|HC|  |TAMS 0x000000008a900000| PB 0x000000008a900000| Complete 
|   2|0x000000008aa00000, 0x000000008aa00000, 0x000000008ab00000|  0%| F|  |TAMS 0x000000008aa00000| PB 0x000000008aa00000| Untracked 
|   3|0x000000008ab00000, 0x000000008ab00000, 0x000000008ac00000|  0%| F|  |TAMS 0x000000008ab00000| PB 0x000000008ab00000| Untracked 
|   4|0x000000008ac00000, 0x000000008ac00000, 0x000000008ad00000|  0%| F|  |TAMS 0x000000008ac00000| PB 0x000000008ac00000| Untracked 
|   5|0x000000008ad00000, 0x000000008ad00000, 0x000000008ae00000|  0%| F|  |TAMS 0x000000008ad00000| PB 0x000000008ad00000| Untracked 
|   6|0x000000008ae00000, 0x000000008ae00000, 0x000000008af00000|  0%| F|  |TAMS 0x000000008ae00000| PB 0x000000008ae00000| Untracked 
|   7|0x000000008af00000, 0x000000008af00000, 0x000000008b000000|  0%| F|  |TAMS 0x000000008af00000| PB 0x000000008af00000| Untracked 
|   8|0x000000008b000000, 0x000000008b000000, 0x000000008b100000|  0%| F|  |TAMS 0x000000008b000000| PB 0x000000008b000000| Untracked 
|   9|0x000000008b100000, 0x000000008b100000, 0x000000008b200000|  0%| F|  |TAMS 0x000000008b100000| PB 0x000000008b100000| Untracked 
|  10|0x000000008b200000, 0x000000008b200000, 0x000000008b300000|  0%| F|  |TAMS 0x000000008b200000| PB 0x000000008b200000| Untracked 
|  11|0x000000008b300000, 0x000000008b300000, 0x000000008b400000|  0%| F|  |TAMS 0x000000008b300000| PB 0x000000008b300000| Untracked 
|  12|0x000000008b400000, 0x000000008b400000, 0x000000008b500000|  0%| F|  |TAMS 0x000000008b400000| PB 0x000000008b400000| Untracked 
|  13|0x000000008b500000, 0x000000008b500000, 0x000000008b600000|  0%| F|  |TAMS 0x000000008b500000| PB 0x000000008b500000| Untracked 
|  14|0x000000008b600000, 0x000000008b600000, 0x000000008b700000|  0%| F|  |TAMS 0x000000008b600000| PB 0x000000008b600000| Untracked 
|  15|0x000000008b700000, 0x000000008b700000, 0x000000008b800000|  0%| F|  |TAMS 0x000000008b700000| PB 0x000000008b700000| Untracked 
|  16|0x000000008b800000, 0x000000008b800000, 0x000000008b900000|  0%| F|  |TAMS 0x000000008b800000| PB 0x000000008b800000| Untracked 
|  17|0x000000008b900000, 0x000000008b900000, 0x000000008ba00000|  0%| F|  |TAMS 0x000000008b900000| PB 0x000000008b900000| Untracked 
|  18|0x000000008ba00000, 0x000000008ba00000, 0x000000008bb00000|  0%| F|  |TAMS 0x000000008ba00000| PB 0x000000008ba00000| Untracked 
|  19|0x000000008bb00000, 0x000000008bb00000, 0x000000008bc00000|  0%| F|  |TAMS 0x000000008bb00000| PB 0x000000008bb00000| Untracked 
|  20|0x000000008bc00000, 0x000000008bc00000, 0x000000008bd00000|  0%| F|  |TAMS 0x000000008bc00000| PB 0x000000008bc00000| Untracked 
|  21|0x000000008bd00000, 0x000000008bd00000, 0x000000008be00000|  0%| F|  |TAMS 0x000000008bd00000| PB 0x000000008bd00000| Untracked 
|  22|0x000000008be00000, 0x000000008be00000, 0x000000008bf00000|  0%| F|  |TAMS 0x000000008be00000| PB 0x000000008be00000| Untracked 
|  23|0x000000008bf00000, 0x000000008bf00000, 0x000000008c000000|  0%| F|  |TAMS 0x000000008bf00000| PB 0x000000008bf00000| Untracked 
|  24|0x000000008c000000, 0x000000008c000000, 0x000000008c100000|  0%| F|  |TAMS 0x000000008c000000| PB 0x000000008c000000| Untracked 
|  25|0x000000008c100000, 0x000000008c100000, 0x000000008c200000|  0%| F|  |TAMS 0x000000008c100000| PB 0x000000008c100000| Untracked 
|  26|0x000000008c200000, 0x000000008c200000, 0x000000008c300000|  0%| F|  |TAMS 0x000000008c200000| PB 0x000000008c200000| Untracked 
|  27|0x000000008c300000, 0x000000008c300000, 0x000000008c400000|  0%| F|  |TAMS 0x000000008c300000| PB 0x000000008c300000| Untracked 
|  28|0x000000008c400000, 0x000000008c400000, 0x000000008c500000|  0%| F|  |TAMS 0x000000008c400000| PB 0x000000008c400000| Untracked 
|  29|0x000000008c500000, 0x000000008c500000, 0x000000008c600000|  0%| F|  |TAMS 0x000000008c500000| PB 0x000000008c500000| Untracked 
|  30|0x000000008c600000, 0x000000008c600000, 0x000000008c700000|  0%| F|  |TAMS 0x000000008c600000| PB 0x000000008c600000| Untracked 
|  31|0x000000008c700000, 0x000000008c700000, 0x000000008c800000|  0%| F|  |TAMS 0x000000008c700000| PB 0x000000008c700000| Untracked 
|  32|0x000000008c800000, 0x000000008c800000, 0x000000008c900000|  0%| F|  |TAMS 0x000000008c800000| PB 0x000000008c800000| Untracked 
|  33|0x000000008c900000, 0x000000008c900000, 0x000000008ca00000|  0%| F|  |TAMS 0x000000008c900000| PB 0x000000008c900000| Untracked 
|  34|0x000000008ca00000, 0x000000008ca00000, 0x000000008cb00000|  0%| F|  |TAMS 0x000000008ca00000| PB 0x000000008ca00000| Untracked 
|  35|0x000000008cb00000, 0x000000008cb00000, 0x000000008cc00000|  0%| F|  |TAMS 0x000000008cb00000| PB 0x000000008cb00000| Untracked 
|  36|0x000000008cc00000, 0x000000008cc00000, 0x000000008cd00000|  0%| F|  |TAMS 0x000000008cc00000| PB 0x000000008cc00000| Untracked 
|  37|0x000000008cd00000, 0x000000008cd00000, 0x000000008ce00000|  0%| F|  |TAMS 0x000000008cd00000| PB 0x000000008cd00000| Untracked 
|  38|0x000000008ce00000, 0x000000008ce00000, 0x000000008cf00000|  0%| F|  |TAMS 0x000000008ce00000| PB 0x000000008ce00000| Untracked 
|  39|0x000000008cf00000, 0x000000008cf00000, 0x000000008d000000|  0%| F|  |TAMS 0x000000008cf00000| PB 0x000000008cf00000| Untracked 
|  40|0x000000008d000000, 0x000000008d000000, 0x000000008d100000|  0%| F|  |TAMS 0x000000008d000000| PB 0x000000008d000000| Untracked 
|  41|0x000000008d100000, 0x000000008d100000, 0x000000008d200000|  0%| F|  |TAMS 0x000000008d100000| PB 0x000000008d100000| Untracked 
|  42|0x000000008d200000, 0x000000008d200000, 0x000000008d300000|  0%| F|  |TAMS 0x000000008d200000| PB 0x000000008d200000| Untracked 
|  43|0x000000008d300000, 0x000000008d300000, 0x000000008d400000|  0%| F|  |TAMS 0x000000008d300000| PB 0x000000008d300000| Untracked 
|  44|0x000000008d400000, 0x000000008d400000, 0x000000008d500000|  0%| F|  |TAMS 0x000000008d400000| PB 0x000000008d400000| Untracked 
|  45|0x000000008d500000, 0x000000008d500000, 0x000000008d600000|  0%| F|  |TAMS 0x000000008d500000| PB 0x000000008d500000| Untracked 
|  46|0x000000008d600000, 0x000000008d600000, 0x000000008d700000|  0%| F|  |TAMS 0x000000008d600000| PB 0x000000008d600000| Untracked 
|  47|0x000000008d700000, 0x000000008d700000, 0x000000008d800000|  0%| F|  |TAMS 0x000000008d700000| PB 0x000000008d700000| Untracked 
|  48|0x000000008d800000, 0x000000008d800000, 0x000000008d900000|  0%| F|  |TAMS 0x000000008d800000| PB 0x000000008d800000| Untracked 
|  49|0x000000008d900000, 0x000000008d900000, 0x000000008da00000|  0%| F|  |TAMS 0x000000008d900000| PB 0x000000008d900000| Untracked 
|  50|0x000000008da00000, 0x000000008da00000, 0x000000008db00000|  0%| F|  |TAMS 0x000000008da00000| PB 0x000000008da00000| Untracked 
|  51|0x000000008db00000, 0x000000008db00000, 0x000000008dc00000|  0%| F|  |TAMS 0x000000008db00000| PB 0x000000008db00000| Untracked 
|  52|0x000000008dc00000, 0x000000008dc00000, 0x000000008dd00000|  0%| F|  |TAMS 0x000000008dc00000| PB 0x000000008dc00000| Untracked 
|  53|0x000000008dd00000, 0x000000008dd00000, 0x000000008de00000|  0%| F|  |TAMS 0x000000008dd00000| PB 0x000000008dd00000| Untracked 
|  54|0x000000008de00000, 0x000000008de00000, 0x000000008df00000|  0%| F|  |TAMS 0x000000008de00000| PB 0x000000008de00000| Untracked 
|  55|0x000000008df00000, 0x000000008df00000, 0x000000008e000000|  0%| F|  |TAMS 0x000000008df00000| PB 0x000000008df00000| Untracked 
|  56|0x000000008e000000, 0x000000008e000000, 0x000000008e100000|  0%| F|  |TAMS 0x000000008e000000| PB 0x000000008e000000| Untracked 
|  57|0x000000008e100000, 0x000000008e100000, 0x000000008e200000|  0%| F|  |TAMS 0x000000008e100000| PB 0x000000008e100000| Untracked 
|  58|0x000000008e200000, 0x000000008e200000, 0x000000008e300000|  0%| F|  |TAMS 0x000000008e200000| PB 0x000000008e200000| Untracked 
|  59|0x000000008e300000, 0x000000008e300000, 0x000000008e400000|  0%| F|  |TAMS 0x000000008e300000| PB 0x000000008e300000| Untracked 
|  60|0x000000008e400000, 0x000000008e400000, 0x000000008e500000|  0%| F|  |TAMS 0x000000008e400000| PB 0x000000008e400000| Untracked 
|  61|0x000000008e500000, 0x000000008e500000, 0x000000008e600000|  0%| F|  |TAMS 0x000000008e500000| PB 0x000000008e500000| Untracked 
|  62|0x000000008e600000, 0x000000008e600000, 0x000000008e700000|  0%| F|  |TAMS 0x000000008e600000| PB 0x000000008e600000| Untracked 
|  63|0x000000008e700000, 0x000000008e700000, 0x000000008e800000|  0%| F|  |TAMS 0x000000008e700000| PB 0x000000008e700000| Untracked 
|  64|0x000000008e800000, 0x000000008e800000, 0x000000008e900000|  0%| F|  |TAMS 0x000000008e800000| PB 0x000000008e800000| Untracked 
|  65|0x000000008e900000, 0x000000008e900000, 0x000000008ea00000|  0%| F|  |TAMS 0x000000008e900000| PB 0x000000008e900000| Untracked 
|  66|0x000000008ea00000, 0x000000008ea00000, 0x000000008eb00000|  0%| F|  |TAMS 0x000000008ea00000| PB 0x000000008ea00000| Untracked 
|  67|0x000000008eb00000, 0x000000008eb00000, 0x000000008ec00000|  0%| F|  |TAMS 0x000000008eb00000| PB 0x000000008eb00000| Untracked 
|  68|0x000000008ec00000, 0x000000008ec00000, 0x000000008ed00000|  0%| F|  |TAMS 0x000000008ec00000| PB 0x000000008ec00000| Untracked 
|  69|0x000000008ed00000, 0x000000008ed00000, 0x000000008ee00000|  0%| F|  |TAMS 0x000000008ed00000| PB 0x000000008ed00000| Untracked 
|  70|0x000000008ee00000, 0x000000008ee00000, 0x000000008ef00000|  0%| F|  |TAMS 0x000000008ee00000| PB 0x000000008ee00000| Untracked 
|  71|0x000000008ef00000, 0x000000008ef00000, 0x000000008f000000|  0%| F|  |TAMS 0x000000008ef00000| PB 0x000000008ef00000| Untracked 
|  72|0x000000008f000000, 0x000000008f000000, 0x000000008f100000|  0%| F|  |TAMS 0x000000008f000000| PB 0x000000008f000000| Untracked 
|  73|0x000000008f100000, 0x000000008f100000, 0x000000008f200000|  0%| F|  |TAMS 0x000000008f100000| PB 0x000000008f100000| Untracked 
|  74|0x000000008f200000, 0x000000008f200000, 0x000000008f300000|  0%| F|  |TAMS 0x000000008f200000| PB 0x000000008f200000| Untracked 
|  75|0x000000008f300000, 0x000000008f300000, 0x000000008f400000|  0%| F|  |TAMS 0x000000008f300000| PB 0x000000008f300000| Untracked 
|  76|0x000000008f400000, 0x000000008f400000, 0x000000008f500000|  0%| F|  |TAMS 0x000000008f400000| PB 0x000000008f400000| Untracked 
|  77|0x000000008f500000, 0x000000008f500000, 0x000000008f600000|  0%| F|  |TAMS 0x000000008f500000| PB 0x000000008f500000| Untracked 
|  78|0x000000008f600000, 0x000000008f600000, 0x000000008f700000|  0%| F|  |TAMS 0x000000008f600000| PB 0x000000008f600000| Untracked 
|  79|0x000000008f700000, 0x000000008f700000, 0x000000008f800000|  0%| F|  |TAMS 0x000000008f700000| PB 0x000000008f700000| Untracked 
|  80|0x000000008f800000, 0x000000008f800000, 0x000000008f900000|  0%| F|  |TAMS 0x000000008f800000| PB 0x000000008f800000| Untracked 
|  81|0x000000008f900000, 0x000000008f900000, 0x000000008fa00000|  0%| F|  |TAMS 0x000000008f900000| PB 0x000000008f900000| Untracked 
|  82|0x000000008fa00000, 0x000000008fa00000, 0x000000008fb00000|  0%| F|  |TAMS 0x000000008fa00000| PB 0x000000008fa00000| Untracked 
|  83|0x000000008fb00000, 0x000000008fb00000, 0x000000008fc00000|  0%| F|  |TAMS 0x000000008fb00000| PB 0x000000008fb00000| Untracked 
|  84|0x000000008fc00000, 0x000000008fc00000, 0x000000008fd00000|  0%| F|  |TAMS 0x000000008fc00000| PB 0x000000008fc00000| Untracked 
|  85|0x000000008fd00000, 0x000000008fd00000, 0x000000008fe00000|  0%| F|  |TAMS 0x000000008fd00000| PB 0x000000008fd00000| Untracked 
|  86|0x000000008fe00000, 0x000000008fe00000, 0x000000008ff00000|  0%| F|  |TAMS 0x000000008fe00000| PB 0x000000008fe00000| Untracked 
|  87|0x000000008ff00000, 0x000000008ff00000, 0x0000000090000000|  0%| F|  |TAMS 0x000000008ff00000| PB 0x000000008ff00000| Untracked 
|  88|0x0000000090000000, 0x0000000090000000, 0x0000000090100000|  0%| F|  |TAMS 0x0000000090000000| PB 0x0000000090000000| Untracked 
|  89|0x0000000090100000, 0x0000000090100000, 0x0000000090200000|  0%| F|  |TAMS 0x0000000090100000| PB 0x0000000090100000| Untracked 
|  90|0x0000000090200000, 0x0000000090200000, 0x0000000090300000|  0%| F|  |TAMS 0x0000000090200000| PB 0x0000000090200000| Untracked 
|  91|0x0000000090300000, 0x0000000090300000, 0x0000000090400000|  0%| F|  |TAMS 0x0000000090300000| PB 0x0000000090300000| Untracked 
|  92|0x0000000090400000, 0x0000000090400000, 0x0000000090500000|  0%| F|  |TAMS 0x0000000090400000| PB 0x0000000090400000| Untracked 
|  93|0x0000000090500000, 0x0000000090500000, 0x0000000090600000|  0%| F|  |TAMS 0x0000000090500000| PB 0x0000000090500000| Untracked 
|  94|0x0000000090600000, 0x0000000090600000, 0x0000000090700000|  0%| F|  |TAMS 0x0000000090600000| PB 0x0000000090600000| Untracked 
|  95|0x0000000090700000, 0x0000000090700000, 0x0000000090800000|  0%| F|  |TAMS 0x0000000090700000| PB 0x0000000090700000| Untracked 
|  96|0x0000000090800000, 0x0000000090800000, 0x0000000090900000|  0%| F|  |TAMS 0x0000000090800000| PB 0x0000000090800000| Untracked 
|  97|0x0000000090900000, 0x0000000090900000, 0x0000000090a00000|  0%| F|  |TAMS 0x0000000090900000| PB 0x0000000090900000| Untracked 
|  98|0x0000000090a00000, 0x0000000090a00000, 0x0000000090b00000|  0%| F|  |TAMS 0x0000000090a00000| PB 0x0000000090a00000| Untracked 
|  99|0x0000000090b00000, 0x0000000090b00000, 0x0000000090c00000|  0%| F|  |TAMS 0x0000000090b00000| PB 0x0000000090b00000| Untracked 
| 100|0x0000000090c00000, 0x0000000090c00000, 0x0000000090d00000|  0%| F|  |TAMS 0x0000000090c00000| PB 0x0000000090c00000| Untracked 
| 101|0x0000000090d00000, 0x0000000090d00000, 0x0000000090e00000|  0%| F|  |TAMS 0x0000000090d00000| PB 0x0000000090d00000| Untracked 
| 102|0x0000000090e00000, 0x0000000090e00000, 0x0000000090f00000|  0%| F|  |TAMS 0x0000000090e00000| PB 0x0000000090e00000| Untracked 
| 103|0x0000000090f00000, 0x0000000090f00000, 0x0000000091000000|  0%| F|  |TAMS 0x0000000090f00000| PB 0x0000000090f00000| Untracked 
| 104|0x0000000091000000, 0x0000000091000000, 0x0000000091100000|  0%| F|  |TAMS 0x0000000091000000| PB 0x0000000091000000| Untracked 
| 105|0x0000000091100000, 0x0000000091100000, 0x0000000091200000|  0%| F|  |TAMS 0x0000000091100000| PB 0x0000000091100000| Untracked 
| 106|0x0000000091200000, 0x0000000091200000, 0x0000000091300000|  0%| F|  |TAMS 0x0000000091200000| PB 0x0000000091200000| Untracked 
| 107|0x0000000091300000, 0x00000000913ec898, 0x0000000091400000| 92%| E|  |TAMS 0x0000000091300000| PB 0x0000000091300000| Complete 
| 108|0x0000000091400000, 0x0000000091500000, 0x0000000091500000|100%| E|CS|TAMS 0x0000000091400000| PB 0x0000000091400000| Complete 
| 109|0x0000000091500000, 0x0000000091600000, 0x0000000091600000|100%| E|CS|TAMS 0x0000000091500000| PB 0x0000000091500000| Complete 
| 110|0x0000000091600000, 0x0000000091700000, 0x0000000091700000|100%| E|CS|TAMS 0x0000000091600000| PB 0x0000000091600000| Complete 
| 111|0x0000000091700000, 0x0000000091800000, 0x0000000091800000|100%| E|CS|TAMS 0x0000000091700000| PB 0x0000000091700000| Complete 
| 112|0x0000000091800000, 0x0000000091900000, 0x0000000091900000|100%| E|CS|TAMS 0x0000000091800000| PB 0x0000000091800000| Complete 
| 113|0x0000000091900000, 0x0000000091a00000, 0x0000000091a00000|100%| E|CS|TAMS 0x0000000091900000| PB 0x0000000091900000| Complete 
| 114|0x0000000091a00000, 0x0000000091b00000, 0x0000000091b00000|100%| E|CS|TAMS 0x0000000091a00000| PB 0x0000000091a00000| Complete 
| 115|0x0000000091b00000, 0x0000000091c00000, 0x0000000091c00000|100%| E|CS|TAMS 0x0000000091b00000| PB 0x0000000091b00000| Complete 
| 116|0x0000000091c00000, 0x0000000091d00000, 0x0000000091d00000|100%| E|CS|TAMS 0x0000000091c00000| PB 0x0000000091c00000| Complete 
| 117|0x0000000091d00000, 0x0000000091e00000, 0x0000000091e00000|100%| E|CS|TAMS 0x0000000091d00000| PB 0x0000000091d00000| Complete 

Card table byte_map: [0x0000013b74860000,0x0000013b74c10000] _byte_map_base: 0x0000013b7440c000

Marking Bits: (CMBitMap*) 0x0000013b5c719100
 Bits: [0x0000013b74fc0000, 0x0000013b76d20000)

Polling page: 0x0000013b5ae20000

Metaspace:

Usage:
  Non-class:      6.11 MB used.
      Class:    764.41 KB used.
       Both:      6.86 MB used.

Virtual space:
  Non-class space:       64.00 MB reserved,       6.25 MB ( 10%) committed,  1 nodes.
      Class space:        1.00 GB reserved,     896.00 KB ( <1%) committed,  1 nodes.
             Both:        1.06 GB reserved,       7.12 MB ( <1%) committed. 

Chunk freelists:
   Non-Class:  1005.00 KB
       Class:  3.10 MB
        Both:  4.08 MB

MaxMetaspaceSize: unlimited
CompressedClassSpaceSize: 1.00 GB
Initial GC threshold: 21.00 MB
Current GC threshold: 21.00 MB
CDS: on
MetaspaceReclaimPolicy: balanced
 - commit_granule_bytes: 65536.
 - commit_granule_words: 8192.
 - virtual_space_node_default_size: 8388608.
 - enlarge_chunks_in_place: 1.
 - new_chunks_are_fully_committed: 0.
 - uncommit_free_chunks: 1.
 - use_allocation_guard: 0.


Internal statistics:

num_allocs_failed_limit: 0.
num_arena_births: 162.
num_arena_deaths: 0.
num_vsnodes_births: 2.
num_vsnodes_deaths: 0.
num_space_committed: 114.
num_space_uncommitted: 0.
num_chunks_returned_to_freelist: 0.
num_chunks_taken_from_freelist: 201.
num_chunk_merges: 0.
num_chunk_splits: 118.
num_chunks_enlarged: 49.
num_inconsistent_stats: 0.

CodeHeap 'non-profiled nmethods': size=120000Kb used=288Kb max_used=288Kb free=119711Kb
 bounds [0x0000013b6c2f0000, 0x0000013b6c560000, 0x0000013b73820000]
CodeHeap 'profiled nmethods': size=120000Kb used=1608Kb max_used=1608Kb free=118391Kb
 bounds [0x0000013b64820000, 0x0000013b64a90000, 0x0000013b6bd50000]
CodeHeap 'non-nmethods': size=5760Kb used=1596Kb max_used=1603Kb free=4164Kb
 bounds [0x0000013b6bd50000, 0x0000013b6bfc0000, 0x0000013b6c2f0000]
 total_blobs=1602 nmethods=996 adapters=517
 compilation: enabled
              stopped_count=0, restarted_count=0
 full_count=0

Compilation events (20 events):
Event: 1.988 Thread 0x0000013b799a1730  986       3       jdk.internal.logger.SimpleConsoleLogger::effectiveLevel (17 bytes)
Event: 1.989 Thread 0x0000013b799a1730 nmethod 986 0x0000013b649ae710 code [0x0000013b649ae8a0, 0x0000013b649aead0]
Event: 1.989 Thread 0x0000013b799a1730  982  s    3       java.beans.ChangeListenerMap::get (25 bytes)
Event: 1.989 Thread 0x0000013b799a1730 nmethod 982 0x0000013b649aeb90 code [0x0000013b649aed40, 0x0000013b649af138]
Event: 1.990 Thread 0x0000013b799a1730  987       3       jdk.internal.logger.SurrogateLogger::defaultPlatformLevel (4 bytes)
Event: 1.990 Thread 0x0000013b799a1730 nmethod 987 0x0000013b649af210 code [0x0000013b649af3a0, 0x0000013b649af4b8]
Event: 1.990 Thread 0x0000013b799a1730  991   !   3       jdk.internal.logger.LazyLoggers$LazyLoggerAccessor::platform (103 bytes)
Event: 1.991 Thread 0x0000013b799a1730 nmethod 991 0x0000013b649af590 code [0x0000013b649af7c0, 0x0000013b649b04c0]
Event: 1.992 Thread 0x0000013b799a1730  992       3       java.util.ArrayList::iterator (9 bytes)
Event: 1.992 Thread 0x0000013b799a1730 nmethod 992 0x0000013b649b0810 code [0x0000013b649b09a0, 0x0000013b649b0c38]
Event: 1.992 Thread 0x0000013b799a1730  993       3       java.util.ArrayList$Itr::<init> (26 bytes)
Event: 1.992 Thread 0x0000013b799a1730 nmethod 993 0x0000013b649b0d10 code [0x0000013b649b0ea0, 0x0000013b649b1080]
Event: 2.040 Thread 0x0000013b799a1730  994       3       java.awt.Component::checkTreeLock (21 bytes)
Event: 2.041 Thread 0x0000013b799a1730 nmethod 994 0x0000013b649b1190 code [0x0000013b649b1340, 0x0000013b649b15d8]
Event: 2.069 Thread 0x0000013b799a1730  996       3       java.util.ArrayList$Itr::next (66 bytes)
Event: 2.070 Thread 0x0000013b799a1730 nmethod 996 0x0000013b649b1710 code [0x0000013b649b18e0, 0x0000013b649b1ca8]
Event: 2.070 Thread 0x0000013b799a1730  997       3       java.util.ArrayList$Itr::checkForComodification (23 bytes)
Event: 2.070 Thread 0x0000013b799a1730 nmethod 997 0x0000013b649b1e90 code [0x0000013b649b2020, 0x0000013b649b21e8]
Event: 2.070 Thread 0x0000013b799a1730  998       1       java.util.EventObject::getSource (5 bytes)
Event: 2.071 Thread 0x0000013b799a1730 nmethod 998 0x0000013b6c337f10 code [0x0000013b6c338080, 0x0000013b6c338148]

GC Heap History (0 events):
No events

Dll operation events (9 events):
Event: 0.016 Loaded shared library C:\Program Files\Java\jdk-20\bin\java.dll
Event: 0.032 Loaded shared library C:\Program Files\Java\jdk-20\bin\jsvml.dll
Event: 0.114 Loaded shared library C:\Program Files\Java\jdk-20\bin\net.dll
Event: 0.119 Loaded shared library C:\Program Files\Java\jdk-20\bin\nio.dll
Event: 0.172 Loaded shared library C:\Program Files\Java\jdk-20\bin\zip.dll
Event: 0.284 Loaded shared library C:\Program Files\Java\jdk-20\bin\jimage.dll
Event: 0.315 Loaded shared library C:\Program Files\Java\jdk-20\bin\awt.dll
Event: 1.935 Loaded shared library C:\Program Files\Java\jdk-20\bin\freetype.dll
Event: 1.937 Loaded shared library C:\Program Files\Java\jdk-20\bin\fontmanager.dll

Deoptimization events (20 events):
Event: 0.859 Thread 0x0000013b7df3f1f0 Uncommon trap: trap_request=0xffffff45 fr.pc=0x0000013b6c32f744 relative=0x00000000000011e4
Event: 0.859 Thread 0x0000013b7df3f1f0 Uncommon trap: reason=unstable_if action=reinterpret pc=0x0000013b6c32f744 method=sun.awt.image.PNGImageDecoder.produceImage()V @ 867 c2
Event: 0.859 Thread 0x0000013b7df3f1f0 DEOPT PACKING pc=0x0000013b6c32f744 sp=0x00000038b02ff3a0
Event: 0.859 Thread 0x0000013b7df3f1f0 DEOPT UNPACKING pc=0x0000013b6bdb9d22 sp=0x00000038b02ff2f0 mode 2
Event: 0.898 Thread 0x0000013b7e0b1e70 Uncommon trap: trap_request=0xffffff45 fr.pc=0x0000013b6c32544c relative=0x000000000000014c
Event: 0.898 Thread 0x0000013b7e0b1e70 Uncommon trap: reason=unstable_if action=reinterpret pc=0x0000013b6c32544c method=java.util.concurrent.locks.ReentrantLock$NonfairSync.initialTryLock()Z @ 10 c2
Event: 0.898 Thread 0x0000013b7e0b1e70 DEOPT PACKING pc=0x0000013b6c32544c sp=0x00000038af9fd4f0
Event: 0.898 Thread 0x0000013b7e0b1e70 DEOPT UNPACKING pc=0x0000013b6bdb9d22 sp=0x00000038af9fd3e0 mode 2
Event: 0.899 Thread 0x0000013b7e0b1e70 Uncommon trap: trap_request=0xffffff45 fr.pc=0x0000013b6c32ddcc relative=0x00000000000000cc
Event: 0.899 Thread 0x0000013b7e0b1e70 Uncommon trap: reason=unstable_if action=reinterpret pc=0x0000013b6c32ddcc method=java.util.concurrent.locks.ReentrantLock$Sync.tryRelease(I)Z @ 26 c2
Event: 0.899 Thread 0x0000013b7e0b1e70 DEOPT PACKING pc=0x0000013b6c32ddcc sp=0x00000038af9fd4a0
Event: 0.899 Thread 0x0000013b7e0b1e70 DEOPT UNPACKING pc=0x0000013b6bdb9d22 sp=0x00000038af9fd440 mode 2
Event: 0.902 Thread 0x0000013b040c1750 Uncommon trap: trap_request=0xffffff45 fr.pc=0x0000013b6c325740 relative=0x0000000000000040
Event: 0.902 Thread 0x0000013b040c1750 Uncommon trap: reason=unstable_if action=reinterpret pc=0x0000013b6c325740 method=java.util.concurrent.locks.AbstractQueuedSynchronizer.signalNext(Ljava/util/concurrent/locks/AbstractQueuedSynchronizer$Node;)V @ 1 c2
Event: 0.902 Thread 0x0000013b040c1750 DEOPT PACKING pc=0x0000013b6c325740 sp=0x00000038b04fec70
Event: 0.902 Thread 0x0000013b040c1750 DEOPT UNPACKING pc=0x0000013b6bdb9d22 sp=0x00000038b04fec00 mode 2
Event: 1.955 Thread 0x0000013b5c6bbe80 Uncommon trap: trap_request=0xffffff45 fr.pc=0x0000013b6c3288d4 relative=0x00000000000001d4
Event: 1.955 Thread 0x0000013b5c6bbe80 Uncommon trap: reason=unstable_if action=reinterpret pc=0x0000013b6c3288d4 method=java.lang.StringUTF16.compress([CI[BII)I @ 20 c2
Event: 1.955 Thread 0x0000013b5c6bbe80 DEOPT PACKING pc=0x0000013b6c3288d4 sp=0x00000038ae3fdbd0
Event: 1.955 Thread 0x0000013b5c6bbe80 DEOPT UNPACKING pc=0x0000013b6bdb9d22 sp=0x00000038ae3fdb40 mode 2

Classes loaded (20 events):
Event: 2.040 Loading class sun/awt/windows/WGlobalCursorManager
Event: 2.041 Loading class sun/awt/GlobalCursorManager
Event: 2.041 Loading class sun/awt/GlobalCursorManager done
Event: 2.041 Loading class sun/awt/windows/WGlobalCursorManager done
Event: 2.042 Loading class sun/awt/GlobalCursorManager$NativeUpdater
Event: 2.042 Loading class sun/awt/GlobalCursorManager$NativeUpdater done
Event: 2.051 Loading class java/awt/Cursor$CursorDisposer
Event: 2.051 Loading class java/awt/Cursor$CursorDisposer done
Event: 2.056 Loading class sun/awt/WeakIdentityHashMap$WeakKey
Event: 2.056 Loading class sun/awt/WeakIdentityHashMap$WeakKey done
Event: 2.059 Loading class java/awt/event/MouseEvent$1
Event: 2.059 Loading class sun/awt/AWTAccessor$MouseEventAccessor
Event: 2.059 Loading class sun/awt/AWTAccessor$MouseEventAccessor done
Event: 2.060 Loading class java/awt/event/MouseEvent$1 done
Event: 2.072 Loading class javax/swing/RepaintManager$4
Event: 2.072 Loading class javax/swing/RepaintManager$4 done
Event: 2.073 Loading class sun/java2d/d3d/D3DSurfaceData$1Status
Event: 2.073 Loading class sun/java2d/d3d/D3DSurfaceData$1Status done
Event: 2.073 Loading class sun/java2d/d3d/D3DSurfaceData$1
Event: 2.073 Loading class sun/java2d/d3d/D3DSurfaceData$1 done

Classes unloaded (0 events):
No events

Classes redefined (0 events):
No events

Internal exceptions (20 events):
Event: 0.139 Thread 0x0000013b5c6bbe80 Exception <a 'java/lang/NoSuchMethodError'{0x0000000091c33160}: 'void java.lang.invoke.DirectMethodHandle$Holder.invokeVirtual(java.lang.Object, java.lang.Object)'> (0x0000000091c33160) 
thrown [s\open\src\hotspot\share\interpreter\linkResolver.cpp, line 773]
Event: 0.142 Thread 0x0000013b5c6bbe80 Exception <a 'java/lang/NoSuchMethodError'{0x0000000091c3f228}: 'java.lang.Object java.lang.invoke.DirectMethodHandle$Holder.invokeInterface(java.lang.Object, java.lang.Object, java.lang.Object)'> (0x0000000091c3f228) 
thrown [s\open\src\hotspot\share\interpreter\linkResolver.cpp, line 773]
Event: 0.222 Thread 0x0000013b5c6bbe80 Exception <a 'java/lang/NoSuchMethodError'{0x0000000091bfbe20}: 'void java.lang.invoke.DirectMethodHandle$Holder.invokeSpecial(java.lang.Object, java.lang.Object, java.lang.Object)'> (0x0000000091bfbe20) 
thrown [s\open\src\hotspot\share\interpreter\linkResolver.cpp, line 773]
Event: 0.232 Thread 0x0000013b5c6bbe80 Exception <a 'java/lang/NoSuchMethodError'{0x0000000091a221e8}: 'void java.lang.invoke.DirectMethodHandle$Holder.invokeSpecial(java.lang.Object, java.lang.Object, java.lang.Object, java.lang.Object, java.lang.Object)'> (0x0000000091a221e8) 
thrown [s\open\src\hotspot\share\interpreter\linkResolver.cpp, line 773]
Event: 0.239 Thread 0x0000013b5c6bbe80 Exception <a 'java/lang/NoSuchMethodError'{0x0000000091a35a50}: 'java.lang.Object java.lang.invoke.DirectMethodHandle$Holder.invokeInterface(java.lang.Object, java.lang.Object)'> (0x0000000091a35a50) 
thrown [s\open\src\hotspot\share\interpreter\linkResolver.cpp, line 773]
Event: 0.240 Thread 0x0000013b5c6bbe80 Exception <a 'java/lang/IncompatibleClassChangeError'{0x0000000091a38cb8}: Found class java.lang.Object, but interface was expected> (0x0000000091a38cb8) 
thrown [s\open\src\hotspot\share\interpreter\linkResolver.cpp, line 840]
Event: 0.241 Thread 0x0000013b5c6bbe80 Exception <a 'java/lang/NoSuchMethodError'{0x0000000091a3bae8}: 'void java.lang.invoke.DirectMethodHandle$Holder.invokeStatic(java.lang.Object, java.lang.Object, java.lang.Object, java.lang.Object)'> (0x0000000091a3bae8) 
thrown [s\open\src\hotspot\share\interpreter\linkResolver.cpp, line 773]
Event: 0.293 Thread 0x0000013b5c6bbe80 Exception <a 'sun/nio/fs/WindowsException'{0x0000000091adee10}> (0x0000000091adee10) 
thrown [s\open\src\hotspot\share\prims\jni.cpp, line 519]
Event: 0.299 Thread 0x0000013b5c6bbe80 Exception <a 'java/lang/ClassNotFoundException'{0x0000000091ae4b40}: sun/awt/resources/spi/awtProvider> (0x0000000091ae4b40) 
thrown [s\open\src\hotspot\share\classfile\systemDictionary.cpp, line 305]
Event: 0.336 Thread 0x0000013b5c6bbe80 Exception <a 'java/io/FileNotFoundException'{0x000000009193a3f8}> (0x000000009193a3f8) 
thrown [s\open\src\hotspot\share\prims\jni.cpp, line 519]
Event: 0.345 Thread 0x0000013b5c6bbe80 Exception <a 'java/io/FileNotFoundException'{0x00000000919644e0}> (0x00000000919644e0) 
thrown [s\open\src\hotspot\share\prims\jni.cpp, line 519]
Event: 0.618 Thread 0x0000013b5c6bbe80 Exception <a 'java/lang/NoSuchMethodError'{0x00000000918a8690}: 'java.lang.Object java.lang.invoke.DirectMethodHandle$Holder.newInvokeSpecial(java.lang.Object, java.lang.Object, java.lang.Object, java.lang.Object, java.lang.Object)'> (0x00000000918a8690) 
thrown [s\open\src\hotspot\share\interpreter\linkResolver.cpp, line 773]
Event: 0.628 Thread 0x0000013b5c6bbe80 Exception <a 'java/lang/NoSuchMethodError'{0x00000000918d9370}: 'java.lang.Object java.lang.invoke.DirectMethodHandle$Holder.invokeStatic(java.lang.Object, int, java.lang.Object)'> (0x00000000918d9370) 
thrown [s\open\src\hotspot\share\interpreter\linkResolver.cpp, line 773]
Event: 0.667 Thread 0x0000013b5c6bbe80 Exception <a 'java/lang/ClassNotFoundException'{0x0000000091793fa8}: com/sun/swing/internal/plaf/metal/resources/spi/metalProvider> (0x0000000091793fa8) 
thrown [s\open\src\hotspot\share\classfile\systemDictionary.cpp, line 305]
Event: 0.669 Thread 0x0000013b5c6bbe80 Exception <a 'java/lang/ClassNotFoundException'{0x0000000091797f08}: com/sun/swing/internal/plaf/basic/resources/spi/basicProvider> (0x0000000091797f08) 
thrown [s\open\src\hotspot\share\classfile\systemDictionary.cpp, line 305]
Event: 0.679 Thread 0x0000013b5c6bbe80 Implicit null exception at 0x0000013b6c31acc6 to 0x0000013b6c31ad5a
Event: 0.683 Thread 0x0000013b5c6bbe80 Exception <a 'java/lang/NoSuchMethodError'{0x00000000917b7158}: 'int java.lang.invoke.Invokers$Holder.invokeExact_MT(java.lang.Object, java.lang.Object)'> (0x00000000917b7158) 
thrown [s\open\src\hotspot\share\interpreter\linkResolver.cpp, line 773]
Event: 0.769 Thread 0x0000013b7df3f1f0 Exception <a 'java/lang/NoSuchMethodError'{0x0000000091590950}: 'java.lang.Object java.lang.invoke.DirectMethodHandle$Holder.newInvokeSpecial(java.lang.Object, java.lang.Object, java.lang.Object, int, int, int, int, int)'> (0x0000000091590950) 
thrown [s\open\src\hotspot\share\interpreter\linkResolver.cpp, line 773]
Event: 1.928 Thread 0x0000013b5c6bbe80 Exception <a 'java/lang/NoSuchMethodError'{0x0000000091310440}: 'void java.lang.invoke.DirectMethodHandle$Holder.invokeStaticInit(java.lang.Object)'> (0x0000000091310440) 
thrown [s\open\src\hotspot\share\interpreter\linkResolver.cpp, line 773]
Event: 1.985 Thread 0x0000013b5c6bbe80 Exception <a 'sun/nio/fs/WindowsException'{0x0000000091365260}> (0x0000000091365260) 
thrown [s\open\src\hotspot\share\prims\jni.cpp, line 519]

VM Operations (16 events):
Event: 0.236 Executing VM operation: HandshakeAllThreads
Event: 0.236 Executing VM operation: HandshakeAllThreads done
Event: 0.356 Executing VM operation: HandshakeAllThreads
Event: 0.357 Executing VM operation: HandshakeAllThreads done
Event: 0.726 Executing VM operation: HandshakeAllThreads
Event: 0.726 Executing VM operation: HandshakeAllThreads done
Event: 0.761 Executing VM operation: HandshakeAllThreads
Event: 0.761 Executing VM operation: HandshakeAllThreads done
Event: 0.818 Executing VM operation: HandshakeAllThreads
Event: 0.818 Executing VM operation: HandshakeAllThreads done
Event: 0.867 Executing VM operation: HandshakeAllThreads
Event: 0.867 Executing VM operation: HandshakeAllThreads done
Event: 1.874 Executing VM operation: Cleanup
Event: 1.875 Executing VM operation: Cleanup done
Event: 2.882 Executing VM operation: Cleanup
Event: 2.882 Executing VM operation: Cleanup done

Events (20 events):
Event: 0.057 Thread 0x0000013b79977520 Thread added: 0x0000013b79977520
Event: 0.057 Thread 0x0000013b79973dd0 Thread added: 0x0000013b79973dd0
Event: 0.057 Thread 0x0000013b79974710 Thread added: 0x0000013b79974710
Event: 0.058 Thread 0x0000013b79975180 Thread added: 0x0000013b79975180
Event: 0.058 Thread 0x0000013b7997f4b0 Thread added: 0x0000013b7997f4b0
Event: 0.059 Thread 0x0000013b799a1730 Thread added: 0x0000013b799a1730
Event: 0.106 Thread 0x0000013b7dcd08a0 Thread added: 0x0000013b7dcd08a0
Event: 0.210 Thread 0x0000013b7ddaa1f0 Thread added: 0x0000013b7ddaa1f0
Event: 0.211 Thread 0x0000013b7dda7570 Thread added: 0x0000013b7dda7570
Event: 0.258 Thread 0x0000013b7de51630 Thread added: 0x0000013b7de51630
Event: 0.408 Thread 0x0000013b7e0a0ea0 Thread added: 0x0000013b7e0a0ea0
Event: 0.411 Thread 0x0000013b7e0a3eb0 Thread added: 0x0000013b7e0a3eb0
Event: 0.413 Thread 0x0000013b7e0b1e70 Thread added: 0x0000013b7e0b1e70
Event: 0.509 Thread 0x0000013b7dda7570 Thread exited: 0x0000013b7dda7570
Event: 0.509 Thread 0x0000013b7ddaa1f0 Thread exited: 0x0000013b7ddaa1f0
Event: 0.692 Thread 0x0000013b7df3f1f0 Thread added: 0x0000013b7df3f1f0
Event: 0.883 Thread 0x0000013b7e6c55f0 Thread added: 0x0000013b7e6c55f0
Event: 0.899 Thread 0x0000013b040c1750 Thread added: 0x0000013b040c1750
Event: 2.066 Thread 0x0000013b5c6bbe80 Thread exited: 0x0000013b5c6bbe80
Event: 2.066 Thread 0x0000013b5c6bbe80 Thread added: 0x0000013b5c6bbe80


Dynamic libraries:
0x00007ff656aa0000 - 0x00007ff656ab0000 	C:\Program Files\Java\jdk-20\bin\javaw.exe
0x00007ffbbd380000 - 0x00007ffbbd5e3000 	C:\WINDOWS\SYSTEM32\ntdll.dll
0x00007ffbbc2b0000 - 0x00007ffbbc377000 	C:\WINDOWS\System32\KERNEL32.DLL
0x00007ffbbab50000 - 0x00007ffbbaf17000 	C:\WINDOWS\System32\KERNELBASE.dll
0x00007ffbbb070000 - 0x00007ffbbb1bc000 	C:\WINDOWS\System32\ucrtbase.dll
0x00007ffb994d0000 - 0x00007ffb994e9000 	C:\Program Files\Java\jdk-20\bin\jli.dll
0x00007ffb994f0000 - 0x00007ffb9950b000 	C:\Program Files\Java\jdk-20\bin\VCRUNTIME140.dll
0x00007ffbbcdb0000 - 0x00007ffbbce64000 	C:\WINDOWS\System32\ADVAPI32.dll
0x00007ffbbccb0000 - 0x00007ffbbcd59000 	C:\WINDOWS\System32\msvcrt.dll
0x00007ffbbc200000 - 0x00007ffbbc2a6000 	C:\WINDOWS\System32\sechost.dll
0x00007ffbbd220000 - 0x00007ffbbd336000 	C:\WINDOWS\System32\RPCRT4.dll
0x00007ffbbd040000 - 0x00007ffbbd209000 	C:\WINDOWS\System32\USER32.dll
0x00007ffbba7d0000 - 0x00007ffbba7f7000 	C:\WINDOWS\System32\win32u.dll
0x00007ffbbb410000 - 0x00007ffbbb43a000 	C:\WINDOWS\System32\GDI32.dll
0x00007ffb998d0000 - 0x00007ffb99b60000 	C:\WINDOWS\WinSxS\amd64_microsoft.windows.common-controls_6595b64144ccf1df_6.0.26100.3037_none_3e09262ce333c378\COMCTL32.dll
0x00007ffbbaa20000 - 0x00007ffbbab4b000 	C:\WINDOWS\System32\gdi32full.dll
0x00007ffbba720000 - 0x00007ffbba7c3000 	C:\WINDOWS\System32\msvcp_win.dll
0x00007ffbb2c60000 - 0x00007ffbb2c6b000 	C:\WINDOWS\SYSTEM32\VERSION.dll
0x00007ffbbb350000 - 0x00007ffbbb37f000 	C:\WINDOWS\System32\IMM32.DLL
0x00007ffba7740000 - 0x00007ffba774c000 	C:\Program Files\Java\jdk-20\bin\vcruntime140_1.dll
0x00007ffb833e0000 - 0x00007ffb8346e000 	C:\Program Files\Java\jdk-20\bin\msvcp140.dll
0x00007ffb485d0000 - 0x00007ffb49267000 	C:\Program Files\Java\jdk-20\bin\server\jvm.dll
0x00007ffb96c10000 - 0x00007ffb96c1a000 	C:\WINDOWS\SYSTEM32\WSOCK32.dll
0x00007ffbb2c20000 - 0x00007ffbb2c56000 	C:\WINDOWS\SYSTEM32\WINMM.dll
0x00007ffbbb1c0000 - 0x00007ffbbb234000 	C:\WINDOWS\System32\WS2_32.dll
0x00007ffbb9550000 - 0x00007ffbb956a000 	C:\WINDOWS\SYSTEM32\kernel.appcore.dll
0x00007ffb9b2f0000 - 0x00007ffb9b2fa000 	C:\Program Files\Java\jdk-20\bin\jimage.dll
0x00007ffbac350000 - 0x00007ffbac591000 	C:\WINDOWS\SYSTEM32\DBGHELP.DLL
0x00007ffbbb560000 - 0x00007ffbbb8de000 	C:\WINDOWS\System32\combase.dll
0x00007ffbbb250000 - 0x00007ffbbb326000 	C:\WINDOWS\System32\OLEAUT32.dll
0x00007ffb946d0000 - 0x00007ffb94709000 	C:\WINDOWS\SYSTEM32\dbgcore.DLL
0x00007ffbba980000 - 0x00007ffbbaa19000 	C:\WINDOWS\System32\bcryptPrimitives.dll
0x00007ffb994a0000 - 0x00007ffb994c6000 	C:\Program Files\Java\jdk-20\bin\java.dll
0x00007ffb7dbd0000 - 0x00007ffb7dca7000 	C:\Program Files\Java\jdk-20\bin\jsvml.dll
0x00007ffbbbaf0000 - 0x00007ffbbc1f4000 	C:\WINDOWS\System32\SHELL32.dll
0x00007ffbb83b0000 - 0x00007ffbb8be7000 	C:\WINDOWS\SYSTEM32\windows.storage.dll
0x00007ffbbba00000 - 0x00007ffbbbae9000 	C:\WINDOWS\System32\SHCORE.dll
0x00007ffbbc780000 - 0x00007ffbbc7dd000 	C:\WINDOWS\System32\shlwapi.dll
0x00007ffbba630000 - 0x00007ffbba65e000 	C:\WINDOWS\SYSTEM32\profapi.dll
0x00007ffb99170000 - 0x00007ffb99183000 	C:\Program Files\Java\jdk-20\bin\net.dll
0x00007ffbb3670000 - 0x00007ffbb378e000 	C:\WINDOWS\SYSTEM32\WINHTTP.dll
0x00007ffbb9a60000 - 0x00007ffbb9aca000 	C:\WINDOWS\system32\mswsock.dll
0x00007ffb99150000 - 0x00007ffb99166000 	C:\Program Files\Java\jdk-20\bin\nio.dll
0x00007ffb99130000 - 0x00007ffb99148000 	C:\Program Files\Java\jdk-20\bin\zip.dll
0x00007ffb54800000 - 0x00007ffb54991000 	C:\Program Files\Java\jdk-20\bin\awt.dll
0x00007ffbb77d0000 - 0x00007ffbb786c000 	C:\WINDOWS\SYSTEM32\apphelp.dll
0x00007ffbb7d10000 - 0x00007ffbb7d3e000 	C:\WINDOWS\system32\DWMAPI.DLL
0x00007ffbb7910000 - 0x00007ffbb79bd000 	C:\WINDOWS\system32\uxtheme.dll
0x00007ffb717b0000 - 0x00007ffb718bc000 	C:\WINDOWS\system32\opengl32.dll
0x00007ffb71530000 - 0x00007ffb7155d000 	C:\WINDOWS\SYSTEM32\GLU32.dll
0x00007ffbb7ae0000 - 0x00007ffbb7b27000 	C:\WINDOWS\SYSTEM32\dxcore.dll
0x00007ffbbc380000 - 0x00007ffbbc4dc000 	C:\WINDOWS\System32\MSCTF.dll
0x00007ffbbc4e0000 - 0x00007ffbbc675000 	C:\WINDOWS\System32\ole32.dll
0x00007ffb712f0000 - 0x00007ffb7149c000 	C:\WINDOWS\system32\d3d9.dll
0x00007ffbb2c70000 - 0x00007ffbb2e2b000 	C:\WINDOWS\System32\DriverStore\FileRepository\u0407098.inf_amd64_05392d9068e0824e\B406567\aticfx64.dll
0x00007ffb72c40000 - 0x00007ffb72c74000 	C:\WINDOWS\System32\DriverStore\FileRepository\u0407098.inf_amd64_05392d9068e0824e\B406567\atiu9p64.dll
0x00007ffb6aac0000 - 0x00007ffb6b807000 	C:\WINDOWS\System32\DriverStore\FileRepository\u0407098.inf_amd64_05392d9068e0824e\B406567\atiumd64.dll
0x0000000076b10000 - 0x0000000077a23000 	C:\WINDOWS\System32\DriverStore\FileRepository\u0407098.inf_amd64_05392d9068e0824e\B406567\atiumd6a.dll
0x00007ffbbc7e0000 - 0x00007ffbbcc66000 	C:\WINDOWS\System32\SETUPAPI.dll
0x00007ffbba5b0000 - 0x00007ffbba5fe000 	C:\WINDOWS\SYSTEM32\POWRPROF.dll
0x00007ffbba590000 - 0x00007ffbba5a4000 	C:\WINDOWS\SYSTEM32\UMPDC.dll
0x00007ffbb0b10000 - 0x00007ffbb0b45000 	C:\WINDOWS\SYSTEM32\amdihk64.dll
0x00007ffbb7b40000 - 0x00007ffbb7b9c000 	C:\WINDOWS\SYSTEM32\directxdatabasehelper.dll
0x00007ffb73f80000 - 0x00007ffb74006000 	C:\Program Files\Java\jdk-20\bin\freetype.dll
0x00007ffb731f0000 - 0x00007ffb732b6000 	C:\Program Files\Java\jdk-20\bin\fontmanager.dll
0x00007ffb9bd30000 - 0x00007ffb9be76000 	C:\WINDOWS\SYSTEM32\textinputframework.dll

dbghelp: loaded successfully - version: 4.0.5 - missing functions: none
symbol engine: initialized successfully - sym options: 0x614 - pdb path: .;C:\Program Files\Java\jdk-20\bin;C:\WINDOWS\SYSTEM32;C:\WINDOWS\WinSxS\amd64_microsoft.windows.common-controls_6595b64144ccf1df_6.0.26100.3037_none_3e09262ce333c378;C:\Program Files\Java\jdk-20\bin\server;C:\WINDOWS\System32\DriverStore\FileRepository\u0407098.inf_amd64_05392d9068e0824e\B406567

VM Arguments:
jvm_args: -Dfile.encoding=UTF-8 -Dstdout.encoding=UTF-8 -Dstderr.encoding=UTF-8 --module-path=C:\Users\vedja\eclipse-workspace\BankManagementSystem\bin;C:\Users\vedja\Downloads\mysql-connector-j-9.0.0\mysql-connector-j-9.0.0\mysql-connector-j-9.0.0.jar;C:\Users\vedja\Downloads\jcalendar-tz-1.3.3-4.jar -XX:+ShowCodeDetailsInExceptionMessages -Djdk.module.main=BankManagementSystem 
java_command: BankManagementSystem/bms.SignUp3
java_class_path (initial): <not set>
Launcher Type: SUN_STANDARD

[Global flags]
     intx CICompilerCount                          = 4                                         {product} {ergonomic}
     uint ConcGCThreads                            = 3                                         {product} {ergonomic}
     uint G1ConcRefinementThreads                  = 10                                        {product} {ergonomic}
   size_t G1HeapRegionSize                         = 1048576                                   {product} {ergonomic}
    uintx GCDrainStackTargetSize                   = 64                                        {product} {ergonomic}
   size_t InitialHeapSize                          = 123731968                                 {product} {ergonomic}
   size_t MarkStackSize                            = 4194304                                   {product} {ergonomic}
   size_t MaxHeapSize                              = 1971322880                                {product} {ergonomic}
   size_t MaxNewSize                               = 1182793728                                {product} {ergonomic}
   size_t MinHeapDeltaBytes                        = 1048576                                   {product} {ergonomic}
   size_t MinHeapSize                              = 8388608                                   {product} {ergonomic}
    uintx NonNMethodCodeHeapSize                   = 5839372                                {pd product} {ergonomic}
    uintx NonProfiledCodeHeapSize                  = 122909434                              {pd product} {ergonomic}
    uintx ProfiledCodeHeapSize                     = 122909434                              {pd product} {ergonomic}
    uintx ReservedCodeCacheSize                    = 251658240                              {pd product} {ergonomic}
     bool SegmentedCodeCache                       = true                                      {product} {ergonomic}
     bool ShowCodeDetailsInExceptionMessages       = true                                   {manageable} {command line}
   size_t SoftMaxHeapSize                          = 1971322880                             {manageable} {ergonomic}
     bool UseCompressedClassPointers               = true                           {product lp64_product} {ergonomic}
     bool UseCompressedOops                        = true                           {product lp64_product} {ergonomic}
     bool UseG1GC                                  = true                                      {product} {ergonomic}
     bool UseLargePagesIndividualAllocation        = false                                  {pd product} {ergonomic}

Logging:
Log output configuration:
 #0: stdout all=warning uptime,level,tags foldmultilines=false
 #1: stderr all=off uptime,level,tags foldmultilines=false

Environment Variables:
PATH=C:/Users/vedja/.p2/pool/plugins/org.eclipse.justj.openjdk.hotspot.jre.full.win32.x86_64_22.0.2.v20240802-1626/jre/bin/server;C:/Users/vedja/.p2/pool/plugins/org.eclipse.justj.openjdk.hotspot.jre.full.win32.x86_64_22.0.2.v20240802-1626/jre/bin;C:\oraclexe\app\oracle\product\11.2.0\server\bin;C:\Program Files\Common Files\Oracle\Java\javapath;C:\Program Files (x86)\Common Files\Oracle\Java\java8path;C:\Program Files (x86)\Common Files\Oracle\Java\javapath;C:\windows\system32;C:\windows;C:\windows\System32\Wbem;C:\windows\System32\WindowsPowerShell\v1.0\;C:\windows\System32\OpenSSH\;C:\Program Files (x86)\NVIDIA Corporation\PhysX\Common;C:\Program Files\NVIDIA Corporation\NVIDIA NvDLISR;C:\WINDOWS\system32;C:\WINDOWS;C:\WINDOWS\System32\Wbem;C:\WINDOWS\System32\WindowsPowerShell\v1.0\;C:\WINDOWS\System32\OpenSSH\;C:\Windows\mingw32\bin;C:\Program Files\Cloudflare\Cloudflare WARP\;C:\Program Files\nodejs\;C:\ProgramData\chocolatey\bin;C:\Program Files\HP\HP One Agent;C:\WINDOWS\system32;C:\WINDOWS;C:\WINDOWS\System32\Wbem;C:\WINDOWS\System32\WindowsPowerShell\v1.0\;C:\WINDOWS\System32\OpenSSH\;C:\Program Files\Git\cmd;C:\Users\vedja\AppData\Local\Programs\Python\Python313;C:\Users\vedja\AppData\Local\Programs\Python\Python313\Scripts;C:\Users\vedja\AppData\Local\Programs\Python\Launcher\;C:\Users\vedja\AppData\Local\Microsoft\WindowsApps;C:\Users\vedja\AppData\Local\Programs\Microsoft VS Code\bin;C:\Users\vedja\Downloads\i686-12.2.0-release-posix-dwarf-msvcrt-rt_v10-rev2(1)\mingw32\bin;;C:\Program Files\JetBrains\IntelliJ IDEA Community Edition 2023.1.1\bin;;C:\Users\vedja\AppData\Roaming\npm;C:\Users\vedja\Desktop;
USERNAME=vedja
OS=Windows_NT
PROCESSOR_IDENTIFIER=AMD64 Family 25 Model 80 Stepping 0, AuthenticAMD
TMP=C:\Users\vedja\AppData\Local\Temp
TEMP=C:\Users\vedja\AppData\Local\Temp




---------------  S Y S T E M  ---------------

OS:
 Windows 11 , 64 bit Build 26100 (10.0.26100.3037)
OS uptime: 1 days 4:06 hours
Hyper-V role detected

CPU: total 12 (initial active 12) (12 cores per cpu, 2 threads per core) family 25 model 80 stepping 0 microcode 0xa50000f, cx8, cmov, fxsr, ht, mmx, 3dnowpref, sse, sse2, sse3, ssse3, sse4a, sse4.1, sse4.2, popcnt, lzcnt, tsc, tscinvbit, avx, avx2, aes, erms, clmul, bmi1, bmi2, adx, sha, fma, vzeroupper, clflush, clflushopt, hv, rdtscp, rdpid, fsrm, f16c, cet_ss

Memory: 4k page, system-wide physical 7518M (624M free)
TotalPageFile size 31070M (AvailPageFile size 4M)
current process WorkingSet (physical memory assigned to process): 87M, peak: 89M
current process commit charge ("private bytes"): 248M, peak: 249M

vm_info: Java HotSpot(TM) 64-Bit Server VM (20.0.1+9-29) for windows-amd64 JRE (20.0.1+9-29), built on 2023-03-07T13:56:11Z by "mach5one" with MS VC++ 17.1 (VS2022)

END.
